
Currently Loaded Modules:
  1) python/3.13.2-4wqv   2) openmpi/4.1.7-3ilj

 

Traceback (most recent call last):
  File "<frozen runpy>", line 198, in _run_module_as_main
  File "<frozen runpy>", line 88, in _run_code
  File "/users/srgangaram/.local/lib/python3.13/site-packages/mpi4py/__main__.py", line 8, in <module>
    main()
    ~~~~^^
  File "/users/srgangaram/.local/lib/python3.13/site-packages/mpi4py/run.py", line 320, in main
    run_command_line(args)
    ~~~~~~~~~~~~~~~~^^^^^^
  File "/users/srgangaram/.local/lib/python3.13/site-packages/mpi4py/run.py", line 53, in run_command_line
    run_path(sys.argv[0], run_name="__main__")
    ~~~~~~~~^^^^^^^^^^^^^^^^^^^^^^^^^^^^^^^^^^
  File "<frozen runpy>", line 287, in run_path
  File "<frozen runpy>", line 98, in _run_module_code
  File "<frozen runpy>", line 88, in _run_code
  File "mpi_pca.py", line 70, in <module>
    from mpi4py import MPI
  File "<frozen importlib._bootstrap>", line 1360, in _find_and_load
  File "<frozen importlib._bootstrap>", line 1322, in _find_and_load_unlocked
  File "<frozen importlib._bootstrap>", line 1262, in _find_spec
  File "/users/srgangaram/.local/lib/python3.13/site-packages/mpi4py/_mpiabi.py", line 290, in find_spec
    mpiabi_suffix = _get_mpiabi_suffix(fullname)
  File "/users/srgangaram/.local/lib/python3.13/site-packages/mpi4py/_mpiabi.py", line 276, in _get_mpiabi_suffix
    mpiabi = _get_mpiabi()
  File "/users/srgangaram/.local/lib/python3.13/site-packages/mpi4py/_mpiabi.py", line 258, in _get_mpiabi
    mpiabi = _get_mpiabi_from_libmpi(libmpi)
  File "/users/srgangaram/.local/lib/python3.13/site-packages/mpi4py/_mpiabi.py", line 217, in _get_mpiabi_from_libmpi
    lib = _dlopen_libmpi(libmpi)
  File "/users/srgangaram/.local/lib/python3.13/site-packages/mpi4py/_mpiabi.py", line 210, in _dlopen_libmpi
    raise RuntimeError("\n".join(errors))
RuntimeError: cannot load MPI library
/users/srgangaram/.local/lib/libmpi.so: cannot open shared object file: No such file or directory
/users/srgangaram/.local/lib/libmpi.so.12: cannot open shared object file: No such file or directory
/users/srgangaram/.local/lib/libmpi.so.40: cannot open shared object file: No such file or directory
/opt/spack/opt/spack/linux-sapphirerapids/python-3.13.2-4wqvbkwdmnr3l4f266wfxc7fvx2275gw/lib/libmpi.so: cannot open shared object file: No such file or directory
/opt/spack/opt/spack/linux-sapphirerapids/python-3.13.2-4wqvbkwdmnr3l4f266wfxc7fvx2275gw/lib/libmpi.so.12: cannot open shared object file: No such file or directory
/opt/spack/opt/spack/linux-sapphirerapids/python-3.13.2-4wqvbkwdmnr3l4f266wfxc7fvx2275gw/lib/libmpi.so.40: cannot open shared object file: No such file or directory
libmpi.so: cannot open shared object file: No such file or directory
libmpi.so.12: cannot open shared object file: No such file or directory
libmpi.so.40: cannot open shared object file: No such file or directory
srun: error: easley054: task 0: Exited with exit code 1
